2026-04-12 15:18:21,989 [INFO] 微信公众号定时爬虫启动
2026-04-12 15:18:21,989 [INFO]   BIZ_ID    : (未配置)
2026-04-12 15:18:21,989 [INFO]   运行时间  : 每天 09:00
2026-04-12 15:18:21,989 [INFO]   输出文件  : events.csv
2026-04-12 15:18:21,989 [ERROR] 
!! 请先在脚本顶部配置 BIZ_ID !!
获取方法：在微信中打开该公众号任意文章 → 复制链接 → 取 __biz= 后面的值
2026-04-12 15:19:08,098 [INFO] 微信公众号定时爬虫启动
2026-04-12 15:19:08,098 [INFO]   BIZ_ID    : MzIxMTQzMDc0NA==
2026-04-12 15:19:08,098 [INFO]   运行时间  : 每天 09:00
2026-04-12 15:19:08,098 [INFO]   输出文件  : events.csv
2026-04-12 15:19:08,098 [INFO] --- 启动时首次执行 ---
2026-04-12 15:19:08,099 [INFO] ============================================================
2026-04-12 15:19:08,099 [INFO] 开始执行爬取任务
2026-04-12 15:19:11,425 [ERROR] API 返回错误: ret=-3 errmsg=no session
2026-04-12 15:19:11,426 [WARNING] 未获取到文章。可能原因：Cookie 过期，请重新获取并更新 COOKIE_STR。
2026-04-12 15:19:11,430 [INFO] Adding job tentatively -- it will be properly scheduled when the scheduler starts
2026-04-12 15:19:11,430 [INFO] 定时任务已就绪：每天 09:00 自动执行
2026-04-12 15:19:11,430 [INFO] 按 Ctrl+C 停止

2026-04-12 15:19:11,433 [INFO] Added job "run_once" to job store "default"
2026-04-12 15:19:11,433 [INFO] Scheduler started
2026-04-12 17:23:14,692 [INFO] 配置已保存到 D:\drag\config.json
2026-04-12 17:23:15,053 [INFO] --- 启动时首次执行 ---
2026-04-12 17:23:15,053 [INFO] ============================================================
2026-04-12 17:23:15,053 [INFO] 开始执行爬取任务
2026-04-19 03:51:51,036 [INFO] --- 启动时首次执行 ---
2026-04-19 03:51:51,037 [INFO] ============================================================
2026-04-19 03:51:51,037 [INFO] ============================================================
2026-04-19 03:51:51,037 [INFO] 开始执行爬取任务
2026-04-19 03:51:51,037 [INFO] 开始执行爬取任务
2026-04-19 03:51:54,409 [WARNING] Cookie 过期: ret=-3: 会话不存在 (no session)
2026-04-19 03:51:54,409 [INFO] Cookie 已过期，正在打开浏览器刷新...
2026-04-19 03:51:54,414 [WARNING] Cookie 过期: ret=-3: 会话不存在 (no session)
2026-04-19 03:51:54,414 [INFO] Cookie 已过期，正在打开浏览器刷新...
2026-04-19 03:52:00,882 [ERROR] 等待登录超时
2026-04-19 03:52:01,325 [ERROR] Future exception was never retrieved
future: <Future finished exception=TargetClosedError('Target page, context or browser has been closed')>
playwright._impl._errors.TargetClosedError: Target page, context or browser has been closed
2026-04-19 03:57:46,468 [INFO] --- 启动时首次执行 ---
2026-04-19 03:57:46,468 [INFO] ============================================================
2026-04-19 03:57:46,468 [INFO] 开始执行爬取任务
2026-04-19 03:57:50,110 [WARNING] Cookie 过期: ret=-3: 会话不存在 (no session)
2026-04-19 03:57:50,119 [INFO] Cookie 已过期，正在打开浏览器刷新...
2026-04-19 03:58:07,568 [ERROR] 等待登录超时
2026-04-19 03:58:52,159 [INFO] --- 启动时首次执行 ---
2026-04-19 03:58:52,161 [INFO] ============================================================
2026-04-19 03:58:52,161 [INFO] 开始执行爬取任务
2026-04-19 03:58:55,623 [WARNING] Cookie 过期: ret=-3: 会话不存在 (no session)
2026-04-19 03:58:55,624 [INFO] Cookie 已过期，正在打开浏览器刷新...
2026-04-19 03:59:41,923 [ERROR] 等待登录超时
2026-04-19 03:59:45,599 [ERROR] 刷新后仍然失败，跳过本次
2026-04-19 03:59:45,630 [INFO] Adding job tentatively -- it will be properly scheduled when the scheduler starts
2026-04-19 03:59:45,630 [INFO] 定时任务已就绪：每天 09:00 自动执行
2026-04-19 03:59:45,630 [INFO] 按 Ctrl+C 停止

2026-04-19 03:59:45,630 [INFO] Added job "run_once" to job store "default"
2026-04-19 03:59:45,630 [INFO] Scheduler started
